<?xml version="1.0" encoding="UTF-8"?>
<testng-results ignored="0" total="1" passed="1" failed="0" skipped="0">
  <reporter-output>
  </reporter-output>
  <suite started-at="2023-09-19T06:39:50 IST" name="Suite" finished-at="2023-09-19T06:40:03 IST" duration-ms="13547">
    <groups>
    </groups>
    <test started-at="2023-09-19T06:39:50 IST" name="Test" finished-at="2023-09-19T06:40:03 IST" duration-ms="13547">
      <class name="com.saucelab.testCases.EndToEndTesting">
        <test-method is-config="true" signature="setUp()[pri:0, instance:com.saucelab.testCases.EndToEndTesting@1e04fa0a]" started-at="2023-09-19T06:39:50 IST" name="setUp" finished-at="2023-09-19T06:39:59 IST" duration-ms="8799" status="PASS">
          <reporter-output>
          </reporter-output>
        </test-method> <!-- setUp -->
        <test-method signature="verifyLogin()[pri:0, instance:com.saucelab.testCases.EndToEndTesting@1e04fa0a]" started-at="2023-09-19T06:39:59 IST" name="verifyLogin" finished-at="2023-09-19T06:40:03 IST" duration-ms="3722" status="PASS">
          <reporter-output>
          </reporter-output>
        </test-method> <!-- verifyLogin -->
        <test-method is-config="true" signature="tearDown()[pri:0, instance:com.saucelab.testCases.EndToEndTesting@1e04fa0a]" started-at="2023-09-19T06:40:03 IST" name="tearDown" finished-at="2023-09-19T06:40:03 IST" duration-ms="343" status="PASS">
          <reporter-output>
          </reporter-output>
        </test-method> <!-- tearDown -->
      </class> <!-- com.saucelab.testCases.EndToEndTesting -->
    </test> <!-- Test -->
  </suite> <!-- Suite -->
</testng-results>
