<?xml version="1.0" encoding="UTF-8"?>
<testng-results skipped="0" failed="0" ignored="0" total="1" passed="1">
  <reporter-output>
  </reporter-output>
  <suite name="Suite" duration-ms="18465" started-at="2023-09-18T02:43:37Z" finished-at="2023-09-18T02:43:55Z">
    <groups>
    </groups>
    <test name="Test" duration-ms="18465" started-at="2023-09-18T02:43:37Z" finished-at="2023-09-18T02:43:55Z">
      <class name="com.saucelab.testCases.EndToEndTesting">
        <test-method status="PASS" signature="setUp()[pri:0, instance:com.saucelab.testCases.EndToEndTesting@63753b6d]" name="setUp" is-config="true" duration-ms="12858" started-at="2023-09-18T02:43:37Z" finished-at="2023-09-18T02:43:50Z">
          <reporter-output>
          </reporter-output>
        </test-method> <!-- setUp -->
        <test-method status="PASS" signature="verifyLogin()[pri:0, instance:com.saucelab.testCases.EndToEndTesting@63753b6d]" name="verifyLogin" duration-ms="3953" started-at="2023-09-18T02:43:50Z" finished-at="2023-09-18T02:43:54Z">
          <reporter-output>
          </reporter-output>
        </test-method> <!-- verifyLogin -->
        <test-method status="PASS" signature="tearDown()[pri:0, instance:com.saucelab.testCases.EndToEndTesting@63753b6d]" name="tearDown" is-config="true" duration-ms="862" started-at="2023-09-18T02:43:54Z" finished-at="2023-09-18T02:43:55Z">
          <reporter-output>
          </reporter-output>
        </test-method> <!-- tearDown -->
      </class> <!-- com.saucelab.testCases.EndToEndTesting -->
    </test> <!-- Test -->
  </suite> <!-- Suite -->
</testng-results>
